<?xml version="1.0" encoding="UTF-8"?>
<!-- Generated by org.testng.reporters.JUnitReportReporter -->
<testsuite skipped="0" hostname="DESKTOP-KFO17RS" name="com.ip.jackson.JavaToJsonTest" tests="3" failures="0" timestamp="2020-06-15T06:33:52 PDT" time="0.329" errors="0">
  <testcase name="convertJavaToJsonPassingNullValues" time="0.003" classname="com.ip.jackson.JavaToJsonTest"/>
  <system-out/>
  <testcase name="convertJavaToJsonPassingEmpty" time="0.004" classname="com.ip.jackson.JavaToJsonTest"/>
  <system-out/>
  <testcase name="convertJavaToJson" time="0.322" classname="com.ip.jackson.JavaToJsonTest"/>
  <system-out/>
</testsuite> <!-- com.ip.jackson.JavaToJsonTest -->
